<?xml version="1.0" encoding="UTF-8"?>
<coverage generated="1622147179725" clover="3.2.0">
  <project timestamp="1622147179725" name="All files">
    <metrics statements="39" coveredstatements="38" conditionals="20" coveredconditionals="19" methods="4" coveredmethods="4" elements="63" coveredelements="61" complexity="0" loc="39" ncloc="39" packages="1" files="1" classes="1"/>
    <file name="contentful.ts" path="/Users/jaime.lastrev/dev/lastrev-libraries/packages/graphql-schema-gen/src/mappers/contentful.ts">
      <metrics statements="39" coveredstatements="38" conditionals="20" coveredconditionals="19" methods="4" coveredmethods="4"/>
      <line num="1" count="1" type="stmt"/>
      <line num="4" count="1" type="stmt"/>
      <line num="5" count="3" type="cond" truecount="2" falsecount="0"/>
      <line num="8" count="3" type="cond" truecount="2" falsecount="0"/>
      <line num="9" count="2" type="stmt"/>
      <line num="12" count="3" type="stmt"/>
      <line num="15" count="4" type="stmt"/>
      <line num="19" count="3" type="stmt"/>
      <line num="22" count="1" type="stmt"/>
      <line num="23" count="16" type="stmt"/>
      <line num="24" count="16" type="stmt"/>
      <line num="25" count="16" type="stmt"/>
      <line num="28" count="3" type="stmt"/>
      <line num="29" count="3" type="stmt"/>
      <line num="32" count="2" type="stmt"/>
      <line num="33" count="2" type="stmt"/>
      <line num="35" count="1" type="stmt"/>
      <line num="36" count="1" type="stmt"/>
      <line num="40" count="2" type="stmt"/>
      <line num="41" count="2" type="stmt"/>
      <line num="43" count="1" type="stmt"/>
      <line num="44" count="1" type="stmt"/>
      <line num="46" count="1" type="stmt"/>
      <line num="47" count="1" type="stmt"/>
      <line num="49" count="4" type="cond" truecount="2" falsecount="0"/>
      <line num="50" count="1" type="stmt"/>
      <line num="51" count="1" type="stmt"/>
      <line num="54" count="3" type="stmt"/>
      <line num="56" count="3" type="cond" truecount="2" falsecount="0"/>
      <line num="58" count="1" type="stmt"/>
      <line num="59" count="1" type="stmt"/>
      <line num="62" count="2" type="stmt"/>
      <line num="63" count="2" type="stmt"/>
      <line num="65" count="2" type="stmt"/>
      <line num="66" count="2" type="stmt"/>
      <line num="67" count="2" type="stmt"/>
      <line num="69" count="0" type="stmt"/>
      <line num="71" count="16" type="stmt"/>
      <line num="78" count="1" type="stmt"/>
    </file>
  </project>
</coverage>
