{"/Users/jaime.lastrev/dev/lastrev-libraries/packages/graphql-schema-gen/src/mappers/contentful.ts": {"path":"/Users/jaime.lastrev/dev/lastrev-libraries/packages/graphql-schema-gen/src/mappers/contentful.ts","statementMap":{"0":{"start":{"line":1,"column":0},"end":{"line":1,"column":65}},"1":{"start":{"line":4,"column":32},"end":{"line":20,"column":1}},"2":{"start":{"line":5,"column":22},"end":{"line":5,"column":48}},"3":{"start":{"line":8,"column":4},"end":{"line":10,"column":12}},"4":{"start":{"line":9,"column":6},"end":{"line":9,"column":48}},"5":{"start":{"line":12,"column":33},"end":{"line":16,"column":null}},"6":{"start":{"line":15,"column":6},"end":{"line":15,"column":62}},"7":{"start":{"line":19,"column":2},"end":{"line":19,"column":22}},"8":{"start":{"line":22,"column":33},"end":{"line":76,"column":1}},"9":{"start":{"line":23,"column":16},"end":{"line":23,"column":21}},"10":{"start":{"line":24,"column":26},"end":{"line":24,"column":28}},"11":{"start":{"line":25,"column":2},"end":{"line":70,"column":null}},"12":{"start":{"line":28,"column":6},"end":{"line":28,"column":27}},"13":{"start":{"line":29,"column":6},"end":{"line":29,"column":12}},"14":{"start":{"line":32,"column":6},"end":{"line":32,"column":27}},"15":{"start":{"line":33,"column":6},"end":{"line":33,"column":12}},"16":{"start":{"line":35,"column":6},"end":{"line":35,"column":25}},"17":{"start":{"line":36,"column":6},"end":{"line":36,"column":12}},"18":{"start":{"line":40,"column":6},"end":{"line":40,"column":25}},"19":{"start":{"line":41,"column":6},"end":{"line":41,"column":12}},"20":{"start":{"line":43,"column":6},"end":{"line":43,"column":28}},"21":{"start":{"line":44,"column":6},"end":{"line":44,"column":12}},"22":{"start":{"line":46,"column":6},"end":{"line":46,"column":29}},"23":{"start":{"line":47,"column":6},"end":{"line":47,"column":12}},"24":{"start":{"line":49,"column":6},"end":{"line":52,"column":null}},"25":{"start":{"line":50,"column":8},"end":{"line":50,"column":28}},"26":{"start":{"line":51,"column":8},"end":{"line":51,"column":14}},"27":{"start":{"line":54,"column":27},"end":{"line":54,"column":80}},"28":{"start":{"line":56,"column":6},"end":{"line":60,"column":null}},"29":{"start":{"line":58,"column":8},"end":{"line":58,"column":27}},"30":{"start":{"line":59,"column":8},"end":{"line":59,"column":14}},"31":{"start":{"line":62,"column":6},"end":{"line":62,"column":67}},"32":{"start":{"line":63,"column":6},"end":{"line":63,"column":12}},"33":{"start":{"line":65,"column":6},"end":{"line":65,"column":101}},"34":{"start":{"line":66,"column":6},"end":{"line":66,"column":21}},"35":{"start":{"line":67,"column":6},"end":{"line":67,"column":12}},"36":{"start":{"line":69,"column":6},"end":{"line":69,"column":50}},"37":{"start":{"line":71,"column":2},"end":{"line":75,"column":4}},"38":{"start":{"line":78,"column":0},"end":{"line":78,"column":32}}},"fnMap":{"0":{"name":"(anonymous_0)","decl":{"start":{"line":4,"column":32},"end":{"line":4,"column":33}},"loc":{"start":{"line":4,"column":80},"end":{"line":20,"column":1}}},"1":{"name":"(anonymous_1)","decl":{"start":{"line":8,"column":22},"end":{"line":8,"column":23}},"loc":{"start":{"line":8,"column":37},"end":{"line":10,"column":5}}},"2":{"name":"(anonymous_2)","decl":{"start":{"line":14,"column":4},"end":{"line":14,"column":5}},"loc":{"start":{"line":14,"column":32},"end":{"line":16,"column":5}}},"3":{"name":"(anonymous_3)","decl":{"start":{"line":22,"column":33},"end":{"line":22,"column":34}},"loc":{"start":{"line":22,"column":75},"end":{"line":76,"column":1}}}},"branchMap":{"0":{"loc":{"start":{"line":5,"column":22},"end":{"line":5,"column":42}},"type":"binary-expr","locations":[{"start":{"line":5,"column":22},"end":{"line":5,"column":42}},{"start":{"line":5,"column":46},"end":{"line":5,"column":48}}]},"1":{"loc":{"start":{"line":8,"column":4},"end":{"line":10,"column":6}},"type":"binary-expr","locations":[{"start":{"line":8,"column":4},"end":{"line":10,"column":6}},{"start":{"line":10,"column":10},"end":{"line":10,"column":12}}]},"2":{"loc":{"start":{"line":26,"column":4},"end":{"line":26,"column":18}},"type":"switch","locations":[{"start":{"line":26,"column":4},"end":{"line":26,"column":18}},{"start":{"line":27,"column":4},"end":{"line":29,"column":12}},{"start":{"line":30,"column":4},"end":{"line":30,"column":19}},{"start":{"line":31,"column":4},"end":{"line":33,"column":12}},{"start":{"line":34,"column":4},"end":{"line":36,"column":12}},{"start":{"line":38,"column":4},"end":{"line":38,"column":20}},{"start":{"line":39,"column":4},"end":{"line":41,"column":12}},{"start":{"line":42,"column":4},"end":{"line":44,"column":12}},{"start":{"line":45,"column":4},"end":{"line":47,"column":12}},{"start":{"line":48,"column":4},"end":{"line":63,"column":12}},{"start":{"line":64,"column":4},"end":{"line":67,"column":12}},{"start":{"line":68,"column":4},"end":{"line":69,"column":50}}]},"3":{"loc":{"start":{"line":49,"column":6},"end":{"line":52,"column":null}},"type":"if","locations":[{"start":{"line":49,"column":6},"end":{"line":52,"column":null}},{"start":{"line":49,"column":6},"end":{"line":52,"column":null}}]},"4":{"loc":{"start":{"line":56,"column":6},"end":{"line":60,"column":null}},"type":"if","locations":[{"start":{"line":56,"column":6},"end":{"line":60,"column":null}},{"start":{"line":56,"column":6},"end":{"line":60,"column":null}}]}},"s":{"0":1,"1":1,"2":3,"3":3,"4":2,"5":3,"6":4,"7":3,"8":1,"9":16,"10":16,"11":16,"12":3,"13":3,"14":2,"15":2,"16":1,"17":1,"18":2,"19":2,"20":1,"21":1,"22":1,"23":1,"24":4,"25":1,"26":1,"27":3,"28":3,"29":1,"30":1,"31":2,"32":2,"33":2,"34":2,"35":2,"36":0,"37":16,"38":1},"f":{"0":3,"1":2,"2":4,"3":16},"b":{"0":[3,1],"1":[3,1],"2":[2,3,1,2,1,1,2,1,1,4,2,0],"3":[1,3],"4":[1,2]}}
}
