TN:
SF:src/mappers/contentful.ts
FN:4,(anonymous_0)
FN:8,(anonymous_1)
FN:14,(anonymous_2)
FN:22,(anonymous_3)
FNF:4
FNH:4
FNDA:3,(anonymous_0)
FNDA:2,(anonymous_1)
FNDA:4,(anonymous_2)
FNDA:16,(anonymous_3)
DA:1,1
DA:4,1
DA:5,3
DA:8,3
DA:9,2
DA:12,3
DA:15,4
DA:19,3
DA:22,1
DA:23,16
DA:24,16
DA:25,16
DA:28,3
DA:29,3
DA:32,2
DA:33,2
DA:35,1
DA:36,1
DA:40,2
DA:41,2
DA:43,1
DA:44,1
DA:46,1
DA:47,1
DA:49,4
DA:50,1
DA:51,1
DA:54,3
DA:56,3
DA:58,1
DA:59,1
DA:62,2
DA:63,2
DA:65,2
DA:66,2
DA:67,2
DA:69,0
DA:71,16
DA:78,1
LF:39
LH:38
BRDA:5,0,0,3
BRDA:5,0,1,1
BRDA:8,1,0,3
BRDA:8,1,1,1
BRDA:26,2,0,2
BRDA:26,2,1,3
BRDA:26,2,2,1
BRDA:26,2,3,2
BRDA:26,2,4,1
BRDA:26,2,5,1
BRDA:26,2,6,2
BRDA:26,2,7,1
BRDA:26,2,8,1
BRDA:26,2,9,4
BRDA:26,2,10,2
BRDA:26,2,11,0
BRDA:49,3,0,1
BRDA:49,3,1,3
BRDA:56,4,0,1
BRDA:56,4,1,2
BRF:20
BRH:19
end_of_record
